mode: set
github.com/fajrulaulia/axiatadigitaltest/axiata.go:10.31,15.2 4 1
github.com/fajrulaulia/axiatadigitaltest/axiata.go:17.47,21.28 3 1
github.com/fajrulaulia/axiatadigitaltest/axiata.go:27.2,27.16 1 1
github.com/fajrulaulia/axiatadigitaltest/axiata.go:21.28,22.20 1 1
github.com/fajrulaulia/axiatadigitaltest/axiata.go:22.20,25.4 2 1
github.com/fajrulaulia/axiatadigitaltest/axiata.go:30.59,33.28 3 1
github.com/fajrulaulia/axiatadigitaltest/axiata.go:48.2,48.25 1 1
github.com/fajrulaulia/axiatadigitaltest/axiata.go:52.2,52.10 1 1
github.com/fajrulaulia/axiatadigitaltest/axiata.go:33.28,34.16 1 1
github.com/fajrulaulia/axiatadigitaltest/axiata.go:34.16,35.28 1 1
github.com/fajrulaulia/axiatadigitaltest/axiata.go:42.4,42.22 1 1
github.com/fajrulaulia/axiatadigitaltest/axiata.go:35.28,38.5 2 1
github.com/fajrulaulia/axiatadigitaltest/axiata.go:38.10,40.5 1 1
github.com/fajrulaulia/axiatadigitaltest/axiata.go:42.22,44.5 1 1
github.com/fajrulaulia/axiatadigitaltest/axiata.go:48.25,50.3 1 1
